<?xml version="1.0" encoding="UTF-8"?>
<!-- Generated by org.testng.reporters.JUnitXMLReporter -->
<testsuite ignored="2" hostname="DESKTOP-OJM2MG8" failures="0" tests="3" name="Surefire test" time="110.952" errors="0" timestamp="2024-02-10T13:39:01 CET">
  <testcase classname="tests.LoginTest" name="login" time="17.502"/>
  <testcase classname="tests.LoginTest" name="login" time="15.625"/>
  <testcase classname="tests.ProductTest" name="productTest" time="57.248"/>
  <testcase classname="utilities.ExtentReporterDemo" name="@BeforeSuite reportSetup" time="0.0">
    <ignored/>
  </testcase> <!-- @BeforeSuite reportSetup -->
  <testcase classname="utilities.ExtentReporterDemo" name="@AfterSuite reportTearDow" time="0.0">
    <ignored/>
  </testcase> <!-- @AfterSuite reportTearDow -->
</testsuite> <!-- Surefire test -->
