<?xml version="1.0" encoding="UTF-8"?>
<!-- Generated by org.testng.reporters.JUnitXMLReporter -->
<testsuite ignored="2" hostname="DESKTOP-OJM2MG8" failures="0" tests="2" name="Test" time="43.643" errors="0" timestamp="29 Jan 2024 10:34:52 GMT">
  <testcase classname="tests.LoginTest" name="login" time="18.019"/>
  <testcase classname="tests.LoginTest" name="login" time="15.057"/>
  <testcase classname="utilities.ExtentReporterDemo" name="@BeforeSuite reportSetup" time="0.0">
    <ignored/>
  </testcase> <!-- @BeforeSuite reportSetup -->
  <testcase classname="utilities.ExtentReporterDemo" name="@AfterSuite reportTearDow" time="0.0">
    <ignored/>
  </testcase> <!-- @AfterSuite reportTearDow -->
</testsuite> <!-- Test -->
