<?xml version="1.0" encoding="UTF-8"?>
<testng-results ignored="0" total="3" passed="3" failed="0" skipped="0">
  <reporter-output>
  </reporter-output>
  <suite started-at="2024-02-10T13:37:10 CET" name="Surefire suite" finished-at="2024-02-10T13:39:01 CET" duration-ms="110952">
    <groups>
    </groups>
    <test started-at="2024-02-10T13:37:10 CET" name="Surefire test" finished-at="2024-02-10T13:39:01 CET" duration-ms="110952">
      <class name="tests.LoginTest">
        <test-method is-config="true" signature="reportSetup()[pri:0, instance:tests.LoginTest@3b2da18f]" started-at="2024-02-10T13:37:10 CET" name="reportSetup" finished-at="2024-02-10T13:37:10 CET" duration-ms="108" status="PASS">
          <reporter-output>
          </reporter-output>
        </test-method> <!-- reportSetup -->
        <test-method is-config="true" signature="setUpExtentReports()[pri:0, instance:tests.LoginTest@3b2da18f]" started-at="2024-02-10T13:37:10 CET" name="setUpExtentReports" finished-at="2024-02-10T13:37:10 CET" depends-on-methods="utilities.ExtentReporterDemo.reportSetup" duration-ms="1" status="PASS">
          <reporter-output>
          </reporter-output>
        </test-method> <!-- setUpExtentReports -->
        <test-method is-config="true" signature="openApp()[pri:0, instance:tests.LoginTest@3b2da18f]" started-at="2024-02-10T13:37:10 CET" name="openApp" finished-at="2024-02-10T13:37:18 CET" duration-ms="8383" status="PASS">
          <reporter-output>
          </reporter-output>
        </test-method> <!-- openApp -->
        <test-method signature="login(java.lang.String,java.lang.String,java.lang.String)[pri:0, instance:tests.LoginTest@3b2da18f]" started-at="2024-02-10T13:37:18 CET" name="login" data-provider="enterLoginData" finished-at="2024-02-10T13:37:36 CET" duration-ms="17502" status="PASS">
          <params>
            <param index="0">
              <value>
                <![CDATA[testchat0@gmail.com]]>
              </value>
            </param>
            <param index="1">
              <value>
                <![CDATA[test9]]>
              </value>
            </param>
            <param index="2">
              <value>
                <![CDATA[Successfull]]>
              </value>
            </param>
          </params>
          <reporter-output>
          </reporter-output>
        </test-method> <!-- login -->
        <test-method is-config="true" signature="tearDown()[pri:0, instance:tests.LoginTest@3b2da18f]" started-at="2024-02-10T13:37:36 CET" name="tearDown" finished-at="2024-02-10T13:37:36 CET" duration-ms="152" status="PASS">
          <reporter-output>
          </reporter-output>
        </test-method> <!-- tearDown -->
        <test-method is-config="true" signature="openApp()[pri:0, instance:tests.LoginTest@3b2da18f]" started-at="2024-02-10T13:37:36 CET" name="openApp" finished-at="2024-02-10T13:37:41 CET" duration-ms="4834" status="PASS">
          <reporter-output>
          </reporter-output>
        </test-method> <!-- openApp -->
        <test-method signature="login(java.lang.String,java.lang.String,java.lang.String)[pri:0, instance:tests.LoginTest@3b2da18f]" started-at="2024-02-10T13:37:41 CET" name="login" data-provider="enterLoginData" finished-at="2024-02-10T13:37:56 CET" duration-ms="15625" status="PASS">
          <params>
            <param index="0">
              <value>
                <![CDATA[dummy@test.com]]>
              </value>
            </param>
            <param index="1">
              <value>
                <![CDATA[dummy123]]>
              </value>
            </param>
            <param index="2">
              <value>
                <![CDATA[Failure]]>
              </value>
            </param>
          </params>
          <reporter-output>
          </reporter-output>
        </test-method> <!-- login -->
        <test-method is-config="true" signature="tearDown()[pri:0, instance:tests.LoginTest@3b2da18f]" started-at="2024-02-10T13:37:56 CET" name="tearDown" finished-at="2024-02-10T13:37:56 CET" duration-ms="67" status="PASS">
          <reporter-output>
          </reporter-output>
        </test-method> <!-- tearDown -->
        <test-method is-config="true" signature="tearDownExtentReports()[pri:0, instance:tests.LoginTest@3b2da18f]" started-at="2024-02-10T13:39:01 CET" name="tearDownExtentReports" finished-at="2024-02-10T13:39:01 CET" duration-ms="198" status="PASS">
          <reporter-output>
          </reporter-output>
        </test-method> <!-- tearDownExtentReports -->
        <test-method is-config="true" signature="reportTearDow()[pri:0, instance:tests.LoginTest@3b2da18f]" started-at="2024-02-10T13:39:01 CET" name="reportTearDow" finished-at="2024-02-10T13:39:01 CET" depends-on-methods="tests.LoginTest.tearDownExtentReports" duration-ms="31" status="PASS">
          <reporter-output>
          </reporter-output>
        </test-method> <!-- reportTearDow -->
      </class> <!-- tests.LoginTest -->
      <class name="tests.ProductTest">
        <test-method is-config="true" signature="openApp()[pri:0, instance:tests.ProductTest@21507a04]" started-at="2024-02-10T13:37:56 CET" name="openApp" finished-at="2024-02-10T13:38:01 CET" duration-ms="4968" status="PASS">
          <reporter-output>
          </reporter-output>
        </test-method> <!-- openApp -->
        <test-method signature="productTest(java.lang.String,java.lang.String)[pri:0, instance:tests.ProductTest@21507a04]" started-at="2024-02-10T13:38:01 CET" name="productTest" data-provider="enterLoginData" finished-at="2024-02-10T13:38:59 CET" duration-ms="57248" status="PASS">
          <params>
            <param index="0">
              <value>
                <![CDATA[seleniumtest87@gmail.com]]>
              </value>
            </param>
            <param index="1">
              <value>
                <![CDATA[seleniumtestpassword]]>
              </value>
            </param>
          </params>
          <reporter-output>
          </reporter-output>
        </test-method> <!-- productTest -->
        <test-method is-config="true" signature="tearDown()[pri:0, instance:tests.ProductTest@21507a04]" started-at="2024-02-10T13:38:59 CET" name="tearDown" finished-at="2024-02-10T13:39:01 CET" duration-ms="2138" status="PASS">
          <reporter-output>
          </reporter-output>
        </test-method> <!-- tearDown -->
      </class> <!-- tests.ProductTest -->
    </test> <!-- Surefire test -->
  </suite> <!-- Surefire suite -->
</testng-results>
