<?xml version="1.0" encoding="UTF-8"?>
<testng-results ignored="2" total="4" passed="2" failed="0" skipped="0">
  <reporter-output>
  </reporter-output>
  <suite started-at="2024-01-29T10:34:08Z" name="Suite" finished-at="2024-01-29T10:34:52Z" duration-ms="43643">
    <groups>
    </groups>
    <test started-at="2024-01-29T10:34:08Z" name="Test" finished-at="2024-01-29T10:34:52Z" duration-ms="43643">
      <class name="tests.LoginTest">
        <test-method is-config="true" signature="reportSetup()[pri:0, instance:tests.LoginTest@60d8c9b7]" started-at="2024-01-29T11:34:08Z" name="reportSetup" finished-at="2024-01-29T11:34:08Z" duration-ms="171" status="PASS">
          <reporter-output>
          </reporter-output>
        </test-method> <!-- reportSetup -->
        <test-method is-config="true" signature="setUpExtentReports()[pri:0, instance:tests.LoginTest@60d8c9b7]" started-at="2024-01-29T11:34:08Z" name="setUpExtentReports" finished-at="2024-01-29T11:34:08Z" depends-on-methods="utilities.ExtentReporterDemo.reportSetup" duration-ms="3" status="PASS">
          <reporter-output>
          </reporter-output>
        </test-method> <!-- setUpExtentReports -->
        <test-method is-config="true" signature="openApp()[pri:0, instance:tests.LoginTest@60d8c9b7]" started-at="2024-01-29T11:34:08Z" name="openApp" finished-at="2024-01-29T11:34:14Z" duration-ms="5848" status="PASS">
          <reporter-output>
          </reporter-output>
        </test-method> <!-- openApp -->
        <test-method signature="login(java.lang.String, java.lang.String, java.lang.String)[pri:0, instance:tests.LoginTest@60d8c9b7]" started-at="2024-01-29T11:34:14Z" name="login" data-provider="enterLoginData" finished-at="2024-01-29T11:34:32Z" duration-ms="18019" status="PASS">
          <params>
            <param index="0">
              <value>
                <![CDATA[testchat0@gmail.com]]>
              </value>
            </param>
            <param index="1">
              <value>
                <![CDATA[test9]]>
              </value>
            </param>
            <param index="2">
              <value>
                <![CDATA[Successfull]]>
              </value>
            </param>
          </params>
          <reporter-output>
          </reporter-output>
        </test-method> <!-- login -->
        <test-method is-config="true" signature="tearDown()[pri:0, instance:tests.LoginTest@60d8c9b7]" started-at="2024-01-29T11:34:32Z" name="tearDown" finished-at="2024-01-29T11:34:32Z" duration-ms="69" status="PASS">
          <reporter-output>
          </reporter-output>
        </test-method> <!-- tearDown -->
        <test-method is-config="true" signature="openApp()[pri:0, instance:tests.LoginTest@60d8c9b7]" started-at="2024-01-29T11:34:32Z" name="openApp" finished-at="2024-01-29T11:34:36Z" duration-ms="4533" status="PASS">
          <reporter-output>
          </reporter-output>
        </test-method> <!-- openApp -->
        <test-method signature="login(java.lang.String, java.lang.String, java.lang.String)[pri:0, instance:tests.LoginTest@60d8c9b7]" started-at="2024-01-29T11:34:36Z" name="login" data-provider="enterLoginData" finished-at="2024-01-29T11:34:51Z" duration-ms="15057" status="PASS">
          <params>
            <param index="0">
              <value>
                <![CDATA[dummy@test.com]]>
              </value>
            </param>
            <param index="1">
              <value>
                <![CDATA[dummy123]]>
              </value>
            </param>
            <param index="2">
              <value>
                <![CDATA[Failure]]>
              </value>
            </param>
          </params>
          <reporter-output>
          </reporter-output>
        </test-method> <!-- login -->
        <test-method is-config="true" signature="tearDown()[pri:0, instance:tests.LoginTest@60d8c9b7]" started-at="2024-01-29T11:34:51Z" name="tearDown" finished-at="2024-01-29T11:34:52Z" duration-ms="95" status="PASS">
          <reporter-output>
          </reporter-output>
        </test-method> <!-- tearDown -->
        <test-method is-config="true" signature="tearDownExtentReports()[pri:0, instance:tests.LoginTest@60d8c9b7]" started-at="2024-01-29T11:34:52Z" name="tearDownExtentReports" finished-at="2024-01-29T11:34:52Z" duration-ms="163" status="PASS">
          <reporter-output>
          </reporter-output>
        </test-method> <!-- tearDownExtentReports -->
        <test-method is-config="true" signature="reportTearDow()[pri:0, instance:tests.LoginTest@60d8c9b7]" started-at="2024-01-29T11:34:52Z" name="reportTearDow" finished-at="2024-01-29T11:34:52Z" depends-on-methods="tests.LoginTest.tearDownExtentReports" duration-ms="27" status="PASS">
          <reporter-output>
          </reporter-output>
        </test-method> <!-- reportTearDow -->
      </class> <!-- tests.LoginTest -->
    </test> <!-- Test -->
  </suite> <!-- Suite -->
</testng-results>
